<?xml version="1.0" encoding="UTF-8"?>
<robot generator="Robot 7.0 (Python 3.12.3 on darwin)" generated="2024-04-29T12:40:48.730939" rpa="false" schemaversion="5">
<suite id="s1" name="Test Cases" source="/Users/user/Documents/pythonRobotPlayground/src/rbCode/test_cases">
<suite id="s1-s1" name="User Successfully Purchase" source="/Users/user/Documents/pythonRobotPlayground/src/rbCode/test_cases/user_successfully_purchase.robot">
<test id="s1-s1-t1" name="User Successfully Purchase Product On Midtrans" line="6">
<kw name="User Open Midtrans Purchase Frontpage" owner="purchase">
<kw name="Navigate To MidTrans Frontpage" owner="base_purchase">
<kw name="Open Browser And Visit ${DOMAIN_URL}" owner="general_resources" source_name="Open Browser And Visit ${url}">
<kw name="New Browser" owner="Browser">
<msg time="2024-04-29T12:40:50.821491" level="INFO">{"browser": "chromium", "headless": false, "chromiumSandbox": false, "devtools": false, "handleSIGHUP": true, "handleSIGINT": true, "handleSIGTERM": true, "slowMo": 0.0, "timeout": 30000.0, "tracesDir": "/Users/user/Documents/pythonRobotPlayground/browser/traces/cdd266b0-87ae-4326-94ba-2664213da68f"}</msg>
<msg time="2024-04-29T12:40:51.335770" level="INFO">Successfully created browser with options: {"browser":"chromium","headless":false,"chromiumSandbox":false,"devtools":false,"handleSIGHUP":true,"handleSIGINT":true,"handleSIGTERM":true,"slowMo":0,"timeout":30000,"tracesDir":"/Users/user/Documents/pythonRobotPlayground/browser/traces/cdd266b0-87ae-4326-94ba-2664213da68f"}</msg>
<arg>${BROWSER}</arg>
<arg>headless=${HEADLESS}</arg>
<tag>BrowserControl</tag>
<tag>Setter</tag>
<doc>Create a new playwright Browser with specified options.</doc>
<status status="PASS" start="2024-04-29T12:40:50.820549" elapsed="0.515397"/>
</kw>
<kw name="New Context" owner="Browser">
<msg time="2024-04-29T12:40:51.337582" level="INFO">{
  "acceptDownloads": true,
  "bypassCSP": false,
  "forcedColors": "none",
  "ignoreHTTPSErrors": true,
  "javaScriptEnabled": true,
  "offline": false,
  "reducedMotion": "no-preference",
  "serviceWorkers": "allow",
  "viewport": {
    "width": 1280,
    "height": 720
  }
}</msg>
<msg time="2024-04-29T12:40:51.358056" level="INFO">Successfully created context. </msg>
<msg time="2024-04-29T12:40:51.358144" level="INFO">{'acceptDownloads': True, 'bypassCSP': False, 'forcedColors': 'none', 'ignoreHTTPSErrors': True, 'javaScriptEnabled': True, 'offline': False, 'reducedMotion': 'no-preference', 'serviceWorkers': 'allow', 'viewport': {'width': 1280, 'height': 720}}</msg>
<arg>viewport={'WIDTH':${BROWSER_WIDTH}, 'HEIGHT':${BROWSER_HEIGHT}}</arg>
<arg>ignoreHTTPSErrors=True</arg>
<tag>BrowserControl</tag>
<tag>Setter</tag>
<doc>Create a new BrowserContext with specified options.</doc>
<status status="PASS" start="2024-04-29T12:40:51.336336" elapsed="0.021927"/>
</kw>
<kw name="New Page" owner="Browser">
<msg time="2024-04-29T12:40:52.794262" level="INFO">Successfully initialized new page object and opened url: https://demo.midtrans.com</msg>
<arg>${url}</arg>
<tag>BrowserControl</tag>
<tag>Setter</tag>
<doc>Open a new Page.</doc>
<status status="PASS" start="2024-04-29T12:40:51.358615" elapsed="1.435866"/>
</kw>
<status status="PASS" start="2024-04-29T12:40:50.819756" elapsed="1.974871"/>
</kw>
<status status="PASS" start="2024-04-29T12:40:50.819472" elapsed="1.975243"/>
</kw>
<status status="PASS" start="2024-04-29T12:40:50.818982" elapsed="1.975808"/>
</kw>
<kw name="User Click Buy Now To Proceed The Purchase" owner="purchase">
<kw name="Click Buy Now Button" owner="base_purchase">
<kw name="Click Choice" owner="general_resources">
<kw name="Click" owner="Browser">
<msg time="2024-04-29T12:40:52.797595" level="INFO">Clicks the element 'xpath=//a[@class='btn buy']'.</msg>
<arg>${elements}</arg>
<tag>PageContent</tag>
<tag>Setter</tag>
<doc>Simulates mouse click on the element found by ``selector``.</doc>
<status status="PASS" start="2024-04-29T12:40:52.796829" elapsed="0.355887"/>
</kw>
<arg>${btn_buynow}</arg>
<status status="PASS" start="2024-04-29T12:40:52.796076" elapsed="0.356772"/>
</kw>
<status status="PASS" start="2024-04-29T12:40:52.795638" elapsed="0.357285"/>
</kw>
<status status="PASS" start="2024-04-29T12:40:52.795103" elapsed="0.357886"/>
</kw>
<kw name="User Input Mandatory Form For Purchasing Goods ${PURCHASE_DATA}" owner="purchase" source_name="User Input Mandatory Form For Purchasing Goods ${purchasedata}">
<kw name="Input Goods Price" owner="base_purchase">
<kw name="Fill In Form" owner="general_resources">
<kw name="Fill Text" owner="Browser">
<msg time="2024-04-29T12:40:53.154827" level="INFO">Fills the text '5000ß' in the given field.</msg>
<arg>${elements}</arg>
<arg>${form_value}ß</arg>
<tag>PageContent</tag>
<tag>Setter</tag>
<doc>Clears and fills the given ``txt`` into the text field found by ``selector``.</doc>
<status status="PASS" start="2024-04-29T12:40:53.154353" elapsed="0.067070"/>
</kw>
<arg>${input_goods_price}</arg>
<arg>${goods_price}</arg>
<status status="PASS" start="2024-04-29T12:40:53.154025" elapsed="0.067528"/>
</kw>
<arg>${purchasedata}[goods_price]</arg>
<status status="PASS" start="2024-04-29T12:40:53.153689" elapsed="0.067942"/>
</kw>
<kw name="Input Customer Name" owner="base_purchase">
<kw name="Fill In Form" owner="general_resources">
<kw name="Fill Text" owner="Browser">
<msg time="2024-04-29T12:40:53.222984" level="INFO">Fills the text 'Rahmat Testiawanß' in the given field.</msg>
<arg>${elements}</arg>
<arg>${form_value}ß</arg>
<tag>PageContent</tag>
<tag>Setter</tag>
<doc>Clears and fills the given ``txt`` into the text field found by ``selector``.</doc>
<status status="PASS" start="2024-04-29T12:40:53.222508" elapsed="0.044773"/>
</kw>
<arg>${input_cust_name}</arg>
<arg>${cust_name}</arg>
<status status="PASS" start="2024-04-29T12:40:53.222166" elapsed="0.045280"/>
</kw>
<arg>${purchasedata}[cust_name]</arg>
<status status="PASS" start="2024-04-29T12:40:53.221810" elapsed="0.045730"/>
</kw>
<kw name="Input Customer Email" owner="base_purchase">
<kw name="Fill In Form" owner="general_resources">
<kw name="Fill Text" owner="Browser">
<msg time="2024-04-29T12:40:53.277529" level="INFO">Fills the text 'rahmat@gmail.comß' in the given field.</msg>
<arg>${elements}</arg>
<arg>${form_value}ß</arg>
<tag>PageContent</tag>
<tag>Setter</tag>
<doc>Clears and fills the given ``txt`` into the text field found by ``selector``.</doc>
<status status="PASS" start="2024-04-29T12:40:53.276597" elapsed="0.203354"/>
</kw>
<arg>${input_cust_email}</arg>
<arg>${cust_email}</arg>
<status status="PASS" start="2024-04-29T12:40:53.268206" elapsed="0.212021"/>
</kw>
<arg>${purchasedata}[cust_email]</arg>
<status status="PASS" start="2024-04-29T12:40:53.267762" elapsed="0.212639"/>
</kw>
<kw name="Input Customer Phone Number" owner="base_purchase">
<kw name="Fill In Form" owner="general_resources">
<kw name="Fill Text" owner="Browser">
<msg time="2024-04-29T12:40:53.484302" level="INFO">Fills the text '081880809090ß' in the given field.</msg>
<arg>${elements}</arg>
<arg>${form_value}ß</arg>
<tag>PageContent</tag>
<tag>Setter</tag>
<doc>Clears and fills the given ``txt`` into the text field found by ``selector``.</doc>
<status status="PASS" start="2024-04-29T12:40:53.482665" elapsed="0.030468"/>
</kw>
<arg>${input_cust_phone_num}</arg>
<arg>${cust_phone_num}</arg>
<status status="PASS" start="2024-04-29T12:40:53.481753" elapsed="0.031824"/>
</kw>
<arg>${purchasedata}[cust_phone_num]</arg>
<status status="PASS" start="2024-04-29T12:40:53.480831" elapsed="0.032957"/>
</kw>
<kw name="Input Customer City" owner="base_purchase">
<kw name="Fill In Form" owner="general_resources">
<kw name="Fill Text" owner="Browser">
<msg time="2024-04-29T12:40:53.518856" level="INFO">Fills the text 'Cikonjenß' in the given field.</msg>
<arg>${elements}</arg>
<arg>${form_value}ß</arg>
<tag>PageContent</tag>
<tag>Setter</tag>
<doc>Clears and fills the given ``txt`` into the text field found by ``selector``.</doc>
<status status="PASS" start="2024-04-29T12:40:53.517328" elapsed="0.035147"/>
</kw>
<arg>${input_cust_city}</arg>
<arg>${cust_city}</arg>
<status status="PASS" start="2024-04-29T12:40:53.515736" elapsed="0.036950"/>
</kw>
<arg>${purchasedata}[cust_city]</arg>
<status status="PASS" start="2024-04-29T12:40:53.514601" elapsed="0.038505"/>
</kw>
<kw name="Input Customer Address" owner="base_purchase">
<kw name="Fill In Form" owner="general_resources">
<kw name="Fill Text" owner="Browser">
<msg time="2024-04-29T12:40:53.556108" level="INFO">Fills the text 'Jalan Aryani Baha Nomor 12 Blok AC/DCß' in the given field.</msg>
<arg>${elements}</arg>
<arg>${form_value}ß</arg>
<tag>PageContent</tag>
<tag>Setter</tag>
<doc>Clears and fills the given ``txt`` into the text field found by ``selector``.</doc>
<status status="PASS" start="2024-04-29T12:40:53.555241" elapsed="0.023993"/>
</kw>
<arg>${input_cust_address}</arg>
<arg>${cust_address}</arg>
<status status="PASS" start="2024-04-29T12:40:53.554126" elapsed="0.025350"/>
</kw>
<arg>${purchasedata}[address]</arg>
<status status="PASS" start="2024-04-29T12:40:53.553356" elapsed="0.026273"/>
</kw>
<kw name="Input Customer Postal Code" owner="base_purchase">
<kw name="Fill In Form" owner="general_resources">
<kw name="Fill Text" owner="Browser">
<msg time="2024-04-29T12:40:53.582033" level="INFO">Fills the text '19901ß' in the given field.</msg>
<arg>${elements}</arg>
<arg>${form_value}ß</arg>
<tag>PageContent</tag>
<tag>Setter</tag>
<doc>Clears and fills the given ``txt`` into the text field found by ``selector``.</doc>
<status status="PASS" start="2024-04-29T12:40:53.581375" elapsed="0.024619"/>
</kw>
<arg>${input_cust_postal_code}</arg>
<arg>${cust_postal_code}</arg>
<status status="PASS" start="2024-04-29T12:40:53.580641" elapsed="0.025584"/>
</kw>
<arg>${purchasedata}[cust_postal_code]</arg>
<status status="PASS" start="2024-04-29T12:40:53.579974" elapsed="0.026404"/>
</kw>
<status status="PASS" start="2024-04-29T12:40:53.153319" elapsed="0.453188"/>
</kw>
<kw name="User Click Checkout To Go To Payment Page" owner="purchase">
<kw name="Click Checkout Button" owner="base_purchase">
<kw name="Click Choice" owner="general_resources">
<kw name="Click" owner="Browser">
<msg time="2024-04-29T12:40:53.609238" level="INFO">Clicks the element 'xpath=//div[@class='cart-checkout']'.</msg>
<arg>${elements}</arg>
<tag>PageContent</tag>
<tag>Setter</tag>
<doc>Simulates mouse click on the element found by ``selector``.</doc>
<status status="PASS" start="2024-04-29T12:40:53.608489" elapsed="0.058847"/>
</kw>
<arg>${btn_checkout}</arg>
<status status="PASS" start="2024-04-29T12:40:53.607940" elapsed="0.059550"/>
</kw>
<status status="PASS" start="2024-04-29T12:40:53.607456" elapsed="0.060122"/>
</kw>
<status status="PASS" start="2024-04-29T12:40:53.606912" elapsed="0.060765"/>
</kw>
<kw name="User Click Credit Card On The List For Payment" owner="purchase">
<kw name="Click Payment List Using Credit card" owner="base_payment">
<kw name="Click Choice On IFrame" owner="general_resources">
<kw name="Click" owner="Browser">
<msg time="2024-04-29T12:40:53.670288" level="INFO">Clicks the element 'id=snap-midtrans &gt;&gt;&gt; xpath=//a[@href='#/credit-card']'.</msg>
<arg>${iframe_elements} &gt;&gt;&gt; ${elements}</arg>
<tag>PageContent</tag>
<tag>Setter</tag>
<doc>Simulates mouse click on the element found by ``selector``.</doc>
<status status="PASS" start="2024-04-29T12:40:53.669462" elapsed="0.955319"/>
</kw>
<arg>${payment_iframe}</arg>
<arg>${btn_list_cc}</arg>
<status status="PASS" start="2024-04-29T12:40:53.668764" elapsed="0.956180"/>
</kw>
<status status="PASS" start="2024-04-29T12:40:53.668317" elapsed="0.956824"/>
</kw>
<status status="PASS" start="2024-04-29T12:40:53.667955" elapsed="0.957277"/>
</kw>
<kw name="User Input Credit Card Details For Payment ${CC_DATA}" owner="purchase" source_name="User Input Credit Card Details For Payment ${ccdetails}">
<kw name="Input Credit Card Number" owner="base_payment">
<kw name="Fill In Form IFrame" owner="general_resources">
<kw name="Fill Text" owner="Browser">
<msg time="2024-04-29T12:40:54.629206" level="INFO">Fills the text '4811111111111114' in the given field.</msg>
<arg>${iframe_elements} &gt;&gt;&gt; ${elements}</arg>
<arg>${form_value}</arg>
<tag>PageContent</tag>
<tag>Setter</tag>
<doc>Clears and fills the given ``txt`` into the text field found by ``selector``.</doc>
<status status="PASS" start="2024-04-29T12:40:54.628044" elapsed="0.042228"/>
</kw>
<arg>${payment_iframe}</arg>
<arg>${input_cc_cardnumber}</arg>
<arg>${cc_number}</arg>
<status status="PASS" start="2024-04-29T12:40:54.627135" elapsed="0.043562"/>
</kw>
<arg>${ccdetails}[cc_number]</arg>
<status status="PASS" start="2024-04-29T12:40:54.626416" elapsed="0.044493"/>
</kw>
<kw name="Input Credit Card Expiaration Date" owner="base_payment">
<kw name="Fill In Form IFrame" owner="general_resources">
<kw name="Fill Text" owner="Browser">
<msg time="2024-04-29T12:40:54.674095" level="INFO">Fills the text '1224' in the given field.</msg>
<arg>${iframe_elements} &gt;&gt;&gt; ${elements}</arg>
<arg>${form_value}</arg>
<tag>PageContent</tag>
<tag>Setter</tag>
<doc>Clears and fills the given ``txt`` into the text field found by ``selector``.</doc>
<status status="PASS" start="2024-04-29T12:40:54.673323" elapsed="0.026663"/>
</kw>
<arg>${payment_iframe}</arg>
<arg>${input_cc_expirationdate}</arg>
<arg>${cc_expiration_date}</arg>
<status status="PASS" start="2024-04-29T12:40:54.672328" elapsed="0.027874"/>
</kw>
<arg>${ccdetails}[cc_expiration_date]</arg>
<status status="PASS" start="2024-04-29T12:40:54.671426" elapsed="0.029004"/>
</kw>
<kw name="Input Credit Card CVV" owner="base_payment">
<kw name="Fill In Form IFrame" owner="general_resources">
<kw name="Fill Text" owner="Browser">
<msg time="2024-04-29T12:40:54.702274" level="INFO">Fills the text '123' in the given field.</msg>
<arg>${iframe_elements} &gt;&gt;&gt; ${elements}</arg>
<arg>${form_value}</arg>
<tag>PageContent</tag>
<tag>Setter</tag>
<doc>Clears and fills the given ``txt`` into the text field found by ``selector``.</doc>
<status status="PASS" start="2024-04-29T12:40:54.701578" elapsed="0.018575"/>
</kw>
<arg>${payment_iframe}</arg>
<arg>${input_cc_cvv}</arg>
<arg>${cc_cvv}</arg>
<status status="PASS" start="2024-04-29T12:40:54.701148" elapsed="0.019145"/>
</kw>
<arg>${ccdetails}[cc_cvv]</arg>
<status status="PASS" start="2024-04-29T12:40:54.700713" elapsed="0.019663"/>
</kw>
<status status="PASS" start="2024-04-29T12:40:54.625623" elapsed="0.094824"/>
</kw>
<status status="PASS" start="2024-04-29T12:40:50.816033" elapsed="3.904627"/>
</test>
<doc>Feature: Customer Purchase</doc>
<status status="PASS" start="2024-04-29T12:40:48.765326" elapsed="6.090032"/>
</suite>
<status status="PASS" start="2024-04-29T12:40:48.733877" elapsed="6.136641"/>
</suite>
<statistics>
<total>
<stat pass="1" fail="0" skip="0">All Tests</stat>
</total>
<tag>
</tag>
<suite>
<stat pass="1" fail="0" skip="0" id="s1" name="Test Cases">Test Cases</stat>
<stat pass="1" fail="0" skip="0" id="s1-s1" name="User Successfully Purchase">Test Cases.User Successfully Purchase</stat>
</suite>
</statistics>
<errors>
</errors>
</robot>
